  main.cpp
  rtp.cpp
D:\Alearn\ACPP\Exer\视音频\RTSP\RTSP协议实现\Project1\rtp.h(66,10): warning C4200: 使用了非标准扩展: 结构/联合中的零大小数组
  (编译源文件“rtp.cpp”)
  D:\Alearn\ACPP\Exer\视音频\RTSP\RTSP协议实现\Project1\rtp.h(66,10):
  默认构造函数或 copy/move 赋值运算符将忽略此成员
  
D:\Alearn\ACPP\Exer\视音频\RTSP\RTSP协议实现\Project1\rtp.cpp(77,15): warning C4267: “=”: 从“size_t”转换到“int”，可能丢失数据
D:\Alearn\ACPP\Exer\视音频\RTSP\RTSP协议实现\Project1\rtp.cpp(86,30): warning C4244: “=”: 从“__int64”转换到“int”，可能丢失数据
  socket_.cpp
D:\Alearn\ACPP\Exer\视音频\RTSP\RTSP协议实现\Project1\rtp.h(66,10): warning C4200: 使用了非标准扩展: 结构/联合中的零大小数组
  (编译源文件“socket_.cpp”)
  D:\Alearn\ACPP\Exer\视音频\RTSP\RTSP协议实现\Project1\rtp.h(66,10):
  默认构造函数或 copy/move 赋值运算符将忽略此成员
  
D:\Alearn\ACPP\Exer\视音频\RTSP\RTSP协议实现\Project1\socket_.cpp(22,9): warning C4244: “return”: 从“SOCKET”转换到“int”，可能丢失数据
D:\Alearn\ACPP\Exer\视音频\RTSP\RTSP协议实现\Project1\socket_.cpp(29,17): warning C4244: “=”: 从“SOCKET”转换到“int”，可能丢失数据
D:\Alearn\ACPP\Exer\视音频\RTSP\RTSP协议实现\Project1\socket_.cpp(63,9): warning C4244: “return”: 从“SOCKET”转换到“int”，可能丢失数据
D:\Alearn\ACPP\Exer\视音频\RTSP\RTSP协议实现\Project1\socket_.cpp(166,61): warning C4267: “参数”: 从“size_t”转换到“int”，可能丢失数据
D:\Alearn\ACPP\Exer\视音频\RTSP\RTSP协议实现\Project1\socket_.cpp(246,18): warning C4267: “=”: 从“size_t”转换到“int”，可能丢失数据
D:\Alearn\ACPP\Exer\视音频\RTSP\RTSP协议实现\Project1\socket_.cpp(258,18): warning C4267: “=”: 从“size_t”转换到“int”，可能丢失数据
  正在生成代码...
  Project1.vcxproj -> D:\Alearn\ACPP\Exer\视音频\RTSP\RTSP协议实现\Project1\x64\Debug\Project1.exe
